INFO - 2025-05-25 08:07:00 --> Password dari frontend: admin123
INFO - 2025-05-25 08:07:00 --> Password dari database: $2y$10$TGdS0pj0.0mrXj2fAAprAec27zyACmXLzsMAjAyr8ebHHScGpGptu
DEBUG - 2025-05-25 08:07:00 --> Session: Class initialized using 'CodeIgniter\Session\Handlers\FileHandler' driver.
ERROR - 2025-05-25 08:25:41 --> mysqli_sql_exception: Cannot add or update a child row: a foreign key constraint fails (`bimbingan`.`notifikasi`, CONSTRAINT `notifikasi_ibfk_1` FOREIGN KEY (`penerima_npm`) REFERENCES `mahasiswa` (`npm`) ON DELETE CASCADE ON UPDATE CASCADE) in C:\xampp\htdocs\PBF-SBTA-Kelompok3\PBF_Backend-main\system\Database\MySQLi\Connection.php:327
Stack trace:
#0 C:\xampp\htdocs\PBF-SBTA-Kelompok3\PBF_Backend-main\system\Database\MySQLi\Connection.php(327): mysqli->query('INSERT INTO `no...', 0)
#1 C:\xampp\htdocs\PBF-SBTA-Kelompok3\PBF_Backend-main\system\Database\BaseConnection.php(738): CodeIgniter\Database\MySQLi\Connection->execute('INSERT INTO `no...')
#2 C:\xampp\htdocs\PBF-SBTA-Kelompok3\PBF_Backend-main\system\Database\BaseConnection.php(652): CodeIgniter\Database\BaseConnection->simpleQuery('INSERT INTO `no...')
#3 C:\xampp\htdocs\PBF-SBTA-Kelompok3\PBF_Backend-main\system\Database\BaseBuilder.php(2345): CodeIgniter\Database\BaseConnection->query('INSERT INTO `no...', Array, false)
#4 C:\xampp\htdocs\PBF-SBTA-Kelompok3\PBF_Backend-main\system\Model.php(394): CodeIgniter\Database\BaseBuilder->insert()
#5 C:\xampp\htdocs\PBF-SBTA-Kelompok3\PBF_Backend-main\system\BaseModel.php(839): CodeIgniter\Model->doInsert(Array)
#6 C:\xampp\htdocs\PBF-SBTA-Kelompok3\PBF_Backend-main\system\Model.php(800): CodeIgniter\BaseModel->insert(Array, true)
#7 C:\xampp\htdocs\PBF-SBTA-Kelompok3\PBF_Backend-main\app\Controllers\Notifikasi.php(57): CodeIgniter\Model->insert(Array)
#8 C:\xampp\htdocs\PBF-SBTA-Kelompok3\PBF_Backend-main\system\CodeIgniter.php(933): App\Controllers\Notifikasi->tambah_data_notifikasi()
#9 C:\xampp\htdocs\PBF-SBTA-Kelompok3\PBF_Backend-main\system\CodeIgniter.php(507): CodeIgniter\CodeIgniter->runController(Object(App\Controllers\Notifikasi))
#10 C:\xampp\htdocs\PBF-SBTA-Kelompok3\PBF_Backend-main\system\CodeIgniter.php(354): CodeIgniter\CodeIgniter->handleRequest(NULL, Object(Config\Cache), false)
#11 C:\xampp\htdocs\PBF-SBTA-Kelompok3\PBF_Backend-main\system\Boot.php(334): CodeIgniter\CodeIgniter->run()
#12 C:\xampp\htdocs\PBF-SBTA-Kelompok3\PBF_Backend-main\system\Boot.php(67): CodeIgniter\Boot::runCodeIgniter(Object(CodeIgniter\CodeIgniter))
#13 C:\xampp\htdocs\PBF-SBTA-Kelompok3\PBF_Backend-main\public\index.php(56): CodeIgniter\Boot::bootWeb(Object(Config\Paths))
#14 C:\xampp\htdocs\PBF-SBTA-Kelompok3\PBF_Backend-main\system\rewrite.php(44): require_once('C:\\xampp\\htdocs...')
#15 {main}
CRITICAL - 2025-05-25 08:25:41 --> CodeIgniter\Database\Exceptions\DatabaseException: Cannot add or update a child row: a foreign key constraint fails (`bimbingan`.`notifikasi`, CONSTRAINT `notifikasi_ibfk_1` FOREIGN KEY (`penerima_npm`) REFERENCES `mahasiswa` (`npm`) ON DELETE CASCADE ON UPDATE CASCADE)
[Method: POST, Route: Notifikasi]
in SYSTEMPATH\Database\BaseConnection.php on line 692.
 1 SYSTEMPATH\Database\BaseBuilder.php(2345): CodeIgniter\Database\BaseConnection->query('INSERT INTO `notifikasi` (`penerima_npm`, `penerima_nidn`, `judul`, `pesan`) VALUES (:penerima_npm:, :penerima_nidn:, :judul:, :pesan:)', [...], false)
 2 SYSTEMPATH\Model.php(394): CodeIgniter\Database\BaseBuilder->insert()
 3 SYSTEMPATH\BaseModel.php(839): CodeIgniter\Model->doInsert([...])
 4 SYSTEMPATH\Model.php(800): CodeIgniter\BaseModel->insert([...], true)
 5 APPPATH\Controllers\Notifikasi.php(57): CodeIgniter\Model->insert([...])
 6 SYSTEMPATH\CodeIgniter.php(933): App\Controllers\Notifikasi->tambah_data_notifikasi()
 7 SYSTEMPATH\CodeIgniter.php(507): CodeIgniter\CodeIgniter->runController(Object(App\Controllers\Notifikasi))
 8 SYSTEMPATH\CodeIgniter.php(354): CodeIgniter\CodeIgniter->handleRequest(null, Object(Config\Cache), false)
 9 SYSTEMPATH\Boot.php(334): CodeIgniter\CodeIgniter->run()
10 SYSTEMPATH\Boot.php(67): CodeIgniter\Boot::runCodeIgniter(Object(CodeIgniter\CodeIgniter))
11 FCPATH\index.php(56): CodeIgniter\Boot::bootWeb(Object(Config\Paths))
12 SYSTEMPATH\rewrite.php(44): require_once('C:\\xampp\\htdocs\\PBF-SBTA-Kelompok3\\PBF_Backend-main\\public\\index.php')
CRITICAL - 2025-05-25 08:25:41 --> [Caused by] CodeIgniter\Database\Exceptions\DatabaseException: Cannot add or update a child row: a foreign key constraint fails (`bimbingan`.`notifikasi`, CONSTRAINT `notifikasi_ibfk_1` FOREIGN KEY (`penerima_npm`) REFERENCES `mahasiswa` (`npm`) ON DELETE CASCADE ON UPDATE CASCADE)
in SYSTEMPATH\Database\MySQLi\Connection.php on line 332.
 1 SYSTEMPATH\Database\BaseConnection.php(738): CodeIgniter\Database\MySQLi\Connection->execute('INSERT INTO `notifikasi` (`penerima_npm`, `penerima_nidn`, `judul`, `pesan`) VALUES (\'2115110001\', NULL, \'Jadwal Bimbingan\', \'Kamu ada bimbingan besok jam 10 pagi.\')')
 2 SYSTEMPATH\Database\BaseConnection.php(652): CodeIgniter\Database\BaseConnection->simpleQuery('INSERT INTO `notifikasi` (`penerima_npm`, `penerima_nidn`, `judul`, `pesan`) VALUES (\'2115110001\', NULL, \'Jadwal Bimbingan\', \'Kamu ada bimbingan besok jam 10 pagi.\')')
 3 SYSTEMPATH\Database\BaseBuilder.php(2345): CodeIgniter\Database\BaseConnection->query('INSERT INTO `notifikasi` (`penerima_npm`, `penerima_nidn`, `judul`, `pesan`) VALUES (:penerima_npm:, :penerima_nidn:, :judul:, :pesan:)', [...], false)
 4 SYSTEMPATH\Model.php(394): CodeIgniter\Database\BaseBuilder->insert()
 5 SYSTEMPATH\BaseModel.php(839): CodeIgniter\Model->doInsert([...])
 6 SYSTEMPATH\Model.php(800): CodeIgniter\BaseModel->insert([...], true)
 7 APPPATH\Controllers\Notifikasi.php(57): CodeIgniter\Model->insert([...])
 8 SYSTEMPATH\CodeIgniter.php(933): App\Controllers\Notifikasi->tambah_data_notifikasi()
 9 SYSTEMPATH\CodeIgniter.php(507): CodeIgniter\CodeIgniter->runController(Object(App\Controllers\Notifikasi))
10 SYSTEMPATH\CodeIgniter.php(354): CodeIgniter\CodeIgniter->handleRequest(null, Object(Config\Cache), false)
11 SYSTEMPATH\Boot.php(334): CodeIgniter\CodeIgniter->run()
12 SYSTEMPATH\Boot.php(67): CodeIgniter\Boot::runCodeIgniter(Object(CodeIgniter\CodeIgniter))
13 FCPATH\index.php(56): CodeIgniter\Boot::bootWeb(Object(Config\Paths))
14 SYSTEMPATH\rewrite.php(44): require_once('C:\\xampp\\htdocs\\PBF-SBTA-Kelompok3\\PBF_Backend-main\\public\\index.php')
CRITICAL - 2025-05-25 08:25:41 --> [Caused by] mysqli_sql_exception: Cannot add or update a child row: a foreign key constraint fails (`bimbingan`.`notifikasi`, CONSTRAINT `notifikasi_ibfk_1` FOREIGN KEY (`penerima_npm`) REFERENCES `mahasiswa` (`npm`) ON DELETE CASCADE ON UPDATE CASCADE)
in SYSTEMPATH\Database\MySQLi\Connection.php on line 327.
 1 SYSTEMPATH\Database\MySQLi\Connection.php(327): mysqli->query('INSERT INTO `notifikasi` (`penerima_npm`, `penerima_nidn`, `judul`, `pesan`) VALUES (\'2115110001\', NULL, \'Jadwal Bimbingan\', \'Kamu ada bimbingan besok jam 10 pagi.\')', 0)
 2 SYSTEMPATH\Database\BaseConnection.php(738): CodeIgniter\Database\MySQLi\Connection->execute('INSERT INTO `notifikasi` (`penerima_npm`, `penerima_nidn`, `judul`, `pesan`) VALUES (\'2115110001\', NULL, \'Jadwal Bimbingan\', \'Kamu ada bimbingan besok jam 10 pagi.\')')
 3 SYSTEMPATH\Database\BaseConnection.php(652): CodeIgniter\Database\BaseConnection->simpleQuery('INSERT INTO `notifikasi` (`penerima_npm`, `penerima_nidn`, `judul`, `pesan`) VALUES (\'2115110001\', NULL, \'Jadwal Bimbingan\', \'Kamu ada bimbingan besok jam 10 pagi.\')')
 4 SYSTEMPATH\Database\BaseBuilder.php(2345): CodeIgniter\Database\BaseConnection->query('INSERT INTO `notifikasi` (`penerima_npm`, `penerima_nidn`, `judul`, `pesan`) VALUES (:penerima_npm:, :penerima_nidn:, :judul:, :pesan:)', [...], false)
 5 SYSTEMPATH\Model.php(394): CodeIgniter\Database\BaseBuilder->insert()
 6 SYSTEMPATH\BaseModel.php(839): CodeIgniter\Model->doInsert([...])
 7 SYSTEMPATH\Model.php(800): CodeIgniter\BaseModel->insert([...], true)
 8 APPPATH\Controllers\Notifikasi.php(57): CodeIgniter\Model->insert([...])
 9 SYSTEMPATH\CodeIgniter.php(933): App\Controllers\Notifikasi->tambah_data_notifikasi()
10 SYSTEMPATH\CodeIgniter.php(507): CodeIgniter\CodeIgniter->runController(Object(App\Controllers\Notifikasi))
11 SYSTEMPATH\CodeIgniter.php(354): CodeIgniter\CodeIgniter->handleRequest(null, Object(Config\Cache), false)
12 SYSTEMPATH\Boot.php(334): CodeIgniter\CodeIgniter->run()
13 SYSTEMPATH\Boot.php(67): CodeIgniter\Boot::runCodeIgniter(Object(CodeIgniter\CodeIgniter))
14 FCPATH\index.php(56): CodeIgniter\Boot::bootWeb(Object(Config\Paths))
15 SYSTEMPATH\rewrite.php(44): require_once('C:\\xampp\\htdocs\\PBF-SBTA-Kelompok3\\PBF_Backend-main\\public\\index.php')
